<test-run id="2" testcasecount="7" result="Passed" start-time="2026-04-17 04:39:12.383378" end-time="2026-04-17 04:39:13.204705" duration="0" total="7" passed="7" failed="0" inconclusive="0" skipped="0" asserts="0" clr-version="3.12.3 (tags/v3.12.3:f6650f9, Apr  9 2024, 14:05:25) [MSC v.1938 64 bit (AMD64)]" engine-version="3.6.2"><command-line>C:\Users\Peter\AppData\Local\Programs\Python\Python312\Scripts\pytest -v</command-line><filter /><test-suite id="tests/test_posts.py" name="tests/test_posts.py" fullname="tests/test_posts.py" methodname="" classname="" runstate="Runnable" type="Assembly" testcasecount="7" result="Passed" label="" start-time="2026-04-17 04:39:12.670419" end-time="2026-04-17 04:39:13.204705" duration="0.534286" asserts="0" total="7" passed="7" failed="0" warnings="0" inconclusive="0" skipped="0"><properties><property name="python_version" value="3.12.3 (tags/v3.12.3:f6650f9, Apr  9 2024, 14:05:25) [MSC v.1938 64 bit (AMD64)]" /></properties><test-case id="100" name="tests/test_posts.py::test_get_posts" fullname="tests/test_posts.py::test_get_posts" methodname="test_get_posts" classname="tests/test_posts.py" runstate="Runnable" seed="1" result="Passed" label="" start-time="2026-04-17 04:39:12.670419" end-time="2026-04-17 04:39:12.767865" duration="0.097446" asserts="0"><properties><property name="python-version" value="3.12.3 (tags/v3.12.3:f6650f9, Apr  9 2024, 14:05:25) [MSC v.1938 64 bit (AMD64)]" /><property name="fspath" value="tests/test_posts.py" /></properties><environment framework-version="3.6.2" clr-version="3.12.3 (tags/v3.12.3:f6650f9, Apr  9 2024, 14:05:25) [MSC v.1938 64 bit (AMD64)]" os-version="11" platform="Windows" cwd="C:\Users\Peter\Documents\GitHub\API-Test-Framework" machine-name="AMD64" user="" user-domain="" culture="en_US" uiculture="en_US" os-architecture="64bit" /><failure><message><![CDATA[]]></message><stack-trace><![CDATA[None]]></stack-trace></failure><reason><message><![CDATA[&#x1b;[32mINFO    &#x1b;[0m api-tests:api_client.py:13 GET request to https://jsonplaceholder.typicode.com/posts
&#x1b;[32mINFO    &#x1b;[0m api-tests:api_client.py:17 Response status: 200]]></message></reason><output><![CDATA[&#x1b;[32mINFO    &#x1b;[0m api-tests:api_client.py:13 GET request to https://jsonplaceholder.typicode.com/posts
&#x1b;[32mINFO    &#x1b;[0m api-tests:api_client.py:17 Response status: 200]]></output></test-case><test-case id="101" name="tests/test_posts.py::test_get_single_post" fullname="tests/test_posts.py::test_get_single_post" methodname="test_get_single_post" classname="tests/test_posts.py" runstate="Runnable" seed="1" result="Passed" label="" start-time="2026-04-17 04:39:12.767865" end-time="2026-04-17 04:39:12.820705" duration="0.05284" asserts="0"><properties><property name="python-version" value="3.12.3 (tags/v3.12.3:f6650f9, Apr  9 2024, 14:05:25) [MSC v.1938 64 bit (AMD64)]" /><property name="fspath" value="tests/test_posts.py" /></properties><environment framework-version="3.6.2" clr-version="3.12.3 (tags/v3.12.3:f6650f9, Apr  9 2024, 14:05:25) [MSC v.1938 64 bit (AMD64)]" os-version="11" platform="Windows" cwd="C:\Users\Peter\Documents\GitHub\API-Test-Framework" machine-name="AMD64" user="" user-domain="" culture="en_US" uiculture="en_US" os-architecture="64bit" /><failure><message><![CDATA[]]></message><stack-trace><![CDATA[None]]></stack-trace></failure><reason><message><![CDATA[&#x1b;[32mINFO    &#x1b;[0m api-tests:api_client.py:13 GET request to https://jsonplaceholder.typicode.com/posts/1
&#x1b;[32mINFO    &#x1b;[0m api-tests:api_client.py:17 Response status: 200]]></message></reason><output><![CDATA[&#x1b;[32mINFO    &#x1b;[0m api-tests:api_client.py:13 GET request to https://jsonplaceholder.typicode.com/posts/1
&#x1b;[32mINFO    &#x1b;[0m api-tests:api_client.py:17 Response status: 200]]></output></test-case><test-case id="102" name="tests/test_posts.py::test_invalid_post" fullname="tests/test_posts.py::test_invalid_post" methodname="test_invalid_post" classname="tests/test_posts.py" runstate="Runnable" seed="1" result="Passed" label="" start-time="2026-04-17 04:39:12.820705" end-time="2026-04-17 04:39:12.916909" duration="0.096204" asserts="0"><properties><property name="python-version" value="3.12.3 (tags/v3.12.3:f6650f9, Apr  9 2024, 14:05:25) [MSC v.1938 64 bit (AMD64)]" /><property name="fspath" value="tests/test_posts.py" /></properties><environment framework-version="3.6.2" clr-version="3.12.3 (tags/v3.12.3:f6650f9, Apr  9 2024, 14:05:25) [MSC v.1938 64 bit (AMD64)]" os-version="11" platform="Windows" cwd="C:\Users\Peter\Documents\GitHub\API-Test-Framework" machine-name="AMD64" user="" user-domain="" culture="en_US" uiculture="en_US" os-architecture="64bit" /><failure><message><![CDATA[]]></message><stack-trace><![CDATA[None]]></stack-trace></failure><reason><message><![CDATA[&#x1b;[32mINFO    &#x1b;[0m api-tests:api_client.py:13 GET request to https://jsonplaceholder.typicode.com/posts/99999
&#x1b;[32mINFO    &#x1b;[0m api-tests:api_client.py:17 Response status: 404]]></message></reason><output><![CDATA[&#x1b;[32mINFO    &#x1b;[0m api-tests:api_client.py:13 GET request to https://jsonplaceholder.typicode.com/posts/99999
&#x1b;[32mINFO    &#x1b;[0m api-tests:api_client.py:17 Response status: 404]]></output></test-case><test-case id="103" name="tests/test_posts.py::test_create_post" fullname="tests/test_posts.py::test_create_post" methodname="test_create_post" classname="tests/test_posts.py" runstate="Runnable" seed="1" result="Passed" label="" start-time="2026-04-17 04:39:12.916909" end-time="2026-04-17 04:39:12.984707" duration="0.067798" asserts="0"><properties><property name="python-version" value="3.12.3 (tags/v3.12.3:f6650f9, Apr  9 2024, 14:05:25) [MSC v.1938 64 bit (AMD64)]" /><property name="fspath" value="tests/test_posts.py" /></properties><environment framework-version="3.6.2" clr-version="3.12.3 (tags/v3.12.3:f6650f9, Apr  9 2024, 14:05:25) [MSC v.1938 64 bit (AMD64)]" os-version="11" platform="Windows" cwd="C:\Users\Peter\Documents\GitHub\API-Test-Framework" machine-name="AMD64" user="" user-domain="" culture="en_US" uiculture="en_US" os-architecture="64bit" /><failure><message><![CDATA[]]></message><stack-trace><![CDATA[None]]></stack-trace></failure><reason><message><![CDATA[&#x1b;[32mINFO    &#x1b;[0m api-tests:api_client.py:26 POST request to https://jsonplaceholder.typicode.com/posts with payload: {'title': 'test', 'body': 'test body', 'userId': 1}
&#x1b;[32mINFO    &#x1b;[0m api-tests:api_client.py:30 Response status: 201]]></message></reason><output><![CDATA[&#x1b;[32mINFO    &#x1b;[0m api-tests:api_client.py:26 POST request to https://jsonplaceholder.typicode.com/posts with payload: {'title': 'test', 'body': 'test body', 'userId': 1}
&#x1b;[32mINFO    &#x1b;[0m api-tests:api_client.py:30 Response status: 201]]></output></test-case><test-case id="104" name="tests/test_posts.py::test_post_user[case0]" fullname="tests/test_posts.py::test_post_user[case0]" methodname="test_post_user[case0]" classname="tests/test_posts.py" runstate="Runnable" seed="1" result="Passed" label="" start-time="2026-04-17 04:39:12.984707" end-time="2026-04-17 04:39:13.054729" duration="0.070022" asserts="0"><properties><property name="python-version" value="3.12.3 (tags/v3.12.3:f6650f9, Apr  9 2024, 14:05:25) [MSC v.1938 64 bit (AMD64)]" /><property name="fspath" value="tests/test_posts.py" /></properties><environment framework-version="3.6.2" clr-version="3.12.3 (tags/v3.12.3:f6650f9, Apr  9 2024, 14:05:25) [MSC v.1938 64 bit (AMD64)]" os-version="11" platform="Windows" cwd="C:\Users\Peter\Documents\GitHub\API-Test-Framework" machine-name="AMD64" user="" user-domain="" culture="en_US" uiculture="en_US" os-architecture="64bit" /><failure><message><![CDATA[]]></message><stack-trace><![CDATA[None]]></stack-trace></failure><reason><message><![CDATA[&#x1b;[32mINFO    &#x1b;[0m api-tests:api_client.py:13 GET request to https://jsonplaceholder.typicode.com/posts/1
&#x1b;[32mINFO    &#x1b;[0m api-tests:api_client.py:17 Response status: 200]]></message></reason><output><![CDATA[&#x1b;[32mINFO    &#x1b;[0m api-tests:api_client.py:13 GET request to https://jsonplaceholder.typicode.com/posts/1
&#x1b;[32mINFO    &#x1b;[0m api-tests:api_client.py:17 Response status: 200]]></output></test-case><test-case id="105" name="tests/test_posts.py::test_post_user[case1]" fullname="tests/test_posts.py::test_post_user[case1]" methodname="test_post_user[case1]" classname="tests/test_posts.py" runstate="Runnable" seed="1" result="Passed" label="" start-time="2026-04-17 04:39:13.054729" end-time="2026-04-17 04:39:13.108367" duration="0.053638" asserts="0"><properties><property name="python-version" value="3.12.3 (tags/v3.12.3:f6650f9, Apr  9 2024, 14:05:25) [MSC v.1938 64 bit (AMD64)]" /><property name="fspath" value="tests/test_posts.py" /></properties><environment framework-version="3.6.2" clr-version="3.12.3 (tags/v3.12.3:f6650f9, Apr  9 2024, 14:05:25) [MSC v.1938 64 bit (AMD64)]" os-version="11" platform="Windows" cwd="C:\Users\Peter\Documents\GitHub\API-Test-Framework" machine-name="AMD64" user="" user-domain="" culture="en_US" uiculture="en_US" os-architecture="64bit" /><failure><message><![CDATA[]]></message><stack-trace><![CDATA[None]]></stack-trace></failure><reason><message><![CDATA[&#x1b;[32mINFO    &#x1b;[0m api-tests:api_client.py:13 GET request to https://jsonplaceholder.typicode.com/posts/2
&#x1b;[32mINFO    &#x1b;[0m api-tests:api_client.py:17 Response status: 200]]></message></reason><output><![CDATA[&#x1b;[32mINFO    &#x1b;[0m api-tests:api_client.py:13 GET request to https://jsonplaceholder.typicode.com/posts/2
&#x1b;[32mINFO    &#x1b;[0m api-tests:api_client.py:17 Response status: 200]]></output></test-case><test-case id="106" name="tests/test_posts.py::test_post_user[case2]" fullname="tests/test_posts.py::test_post_user[case2]" methodname="test_post_user[case2]" classname="tests/test_posts.py" runstate="Runnable" seed="1" result="Passed" label="" start-time="2026-04-17 04:39:13.109366" end-time="2026-04-17 04:39:13.204705" duration="0.095339" asserts="0"><properties><property name="python-version" value="3.12.3 (tags/v3.12.3:f6650f9, Apr  9 2024, 14:05:25) [MSC v.1938 64 bit (AMD64)]" /><property name="fspath" value="tests/test_posts.py" /></properties><environment framework-version="3.6.2" clr-version="3.12.3 (tags/v3.12.3:f6650f9, Apr  9 2024, 14:05:25) [MSC v.1938 64 bit (AMD64)]" os-version="11" platform="Windows" cwd="C:\Users\Peter\Documents\GitHub\API-Test-Framework" machine-name="AMD64" user="" user-domain="" culture="en_US" uiculture="en_US" os-architecture="64bit" /><failure><message><![CDATA[]]></message><stack-trace><![CDATA[None]]></stack-trace></failure><reason><message><![CDATA[&#x1b;[32mINFO    &#x1b;[0m api-tests:api_client.py:13 GET request to https://jsonplaceholder.typicode.com/posts/3
&#x1b;[32mINFO    &#x1b;[0m api-tests:api_client.py:17 Response status: 200]]></message></reason><output><![CDATA[&#x1b;[32mINFO    &#x1b;[0m api-tests:api_client.py:13 GET request to https://jsonplaceholder.typicode.com/posts/3
&#x1b;[32mINFO    &#x1b;[0m api-tests:api_client.py:17 Response status: 200]]></output></test-case><environment framework-version="3.6.2" clr-version="3.12.3 (tags/v3.12.3:f6650f9, Apr  9 2024, 14:05:25) [MSC v.1938 64 bit (AMD64)]" os-version="11" platform="Windows" cwd="C:\Users\Peter\Documents\GitHub\API-Test-Framework" machine-name="AMD64" user="" user-domain="" culture="en_US" uiculture="en_US" os-architecture="64bit" /></test-suite></test-run>